<?xml version="1.0" encoding="UTF-8"?>
<!-- Generated by org.testng.reporters.JUnitReportReporter -->
<testsuite hostname="SREEKANTH" failures="0" tests="4" name="testPackage.DSTestScenario" time="0.004" errors="0" timestamp="2025-03-15T11:57:26 IST" skipped="0">
  <testcase classname="testPackage.DSTestScenario" name="printData" time="0.001"/>
  <testcase classname="testPackage.DSTestScenario" name="printData" time="0.001"/>
  <testcase classname="testPackage.DSTestScenario" name="printData" time="0.001"/>
  <testcase classname="testPackage.DSTestScenario" name="printData" time="0.001"/>
</testsuite> <!-- testPackage.DSTestScenario -->
