<?xml version="1.0" encoding="UTF-8"?>
<!-- Generated by org.testng.reporters.JUnitReportReporter -->
<testsuite hostname="SREEKANTH" failures="0" tests="1" name="utilities.BaseClass" time="20.583" errors="0" timestamp="2025-03-12T09:41:45 IST" skipped="0">
  <testcase classname="utilities.BaseClass" name="testRun" time="20.583"/>
</testsuite> <!-- utilities.BaseClass -->
