<?xml version="1.0" encoding="UTF-8"?>
<!-- Generated by org.testng.reporters.JUnitReportReporter -->
<testsuite hostname="SREEKANTH" failures="0" tests="1" name="testPackage.VerificationClass" time="19.931" errors="0" timestamp="2025-03-15T11:57:26 IST" skipped="0">
  <testcase classname="testPackage.VerificationClass" name="verify" time="19.931"/>
</testsuite> <!-- testPackage.VerificationClass -->
