<?xml version="1.0" encoding="UTF-8"?>
<!-- Generated by org.testng.reporters.JUnitReportReporter -->
<testsuite hostname="SREEKANTH" failures="0" tests="3" name="testPackage.DataSupply2TestUsingDatabase" time="97.264" errors="0" timestamp="2025-03-15T11:57:26 IST" skipped="0">
  <testcase classname="testPackage.DataSupply2TestUsingDatabase" name="createContact" time="32.084"/>
  <testcase classname="testPackage.DataSupply2TestUsingDatabase" name="createContact" time="32.027"/>
  <testcase classname="testPackage.DataSupply2TestUsingDatabase" name="createContact" time="33.153"/>
</testsuite> <!-- testPackage.DataSupply2TestUsingDatabase -->
