<?xml version="1.0" encoding="UTF-8"?>
<!-- Generated by org.testng.reporters.JUnitReportReporter -->
<testsuite hostname="SREEKANTH" failures="0" tests="1" name="testPackage.ParameterTest" time="0.026" errors="0" timestamp="2025-03-13T14:03:06 IST" skipped="0">
  <testcase classname="testPackage.ParameterTest" name="Scenario1" time="0.026"/>
</testsuite> <!-- testPackage.ParameterTest -->
