<?xml version="1.0" encoding="UTF-8"?>
<!-- Generated by org.testng.reporters.JUnitReportReporter -->
<testsuite hostname="SREEKANTH" failures="0" tests="1" name="testPackage.VerificationClass" time="53.680" errors="0" timestamp="2025-03-17T13:32:46 IST" skipped="0">
  <testcase classname="testPackage.VerificationClass" name="verify" time="53.680">
    <system-out>
      <![CDATA[verify testcase execution started]]>
    </system-out>
  </testcase> <!-- verify -->
  <system-out>
    <![CDATA[---Execution Started---
verify testcase execution started
---Execution Started---
createContact testcase execution started
---Execution Started---
moveToCalenderPage testcase execution started
moveToContacts testcase execution started
createContact testcase execution started
moveToLeadspage testcase execution started
createContact testcase execution started
moveToOrganizatopnPage testcase execution started]]>
  </system-out>
</testsuite> <!-- testPackage.VerificationClass -->
