<?xml version="1.0" encoding="UTF-8"?>
<!-- Generated by org.testng.reporters.JUnitReportReporter -->
<testsuite hostname="SREEKANTH" failures="0" tests="4" name="testPackage.AttributesTest" time="171.858" errors="0" timestamp="2025-03-17T13:32:46 IST" skipped="0">
  <testcase classname="testPackage.AttributesTest" name="moveToLeadspage" time="35.852">
    <system-out>
      <![CDATA[moveToLeadspage testcase execution started]]>
    </system-out>
  </testcase> <!-- moveToLeadspage -->
  <testcase classname="testPackage.AttributesTest" name="moveToOrganizatopnPage" time="51.158">
    <system-out>
      <![CDATA[moveToOrganizatopnPage testcase execution started]]>
    </system-out>
  </testcase> <!-- moveToOrganizatopnPage -->
  <testcase classname="testPackage.AttributesTest" name="moveToContacts" time="37.062">
    <system-out>
      <![CDATA[moveToContacts testcase execution started]]>
    </system-out>
  </testcase> <!-- moveToContacts -->
  <testcase classname="testPackage.AttributesTest" name="moveToCalenderPage" time="47.786">
    <system-out>
      <![CDATA[moveToCalenderPage testcase execution started]]>
    </system-out>
  </testcase> <!-- moveToCalenderPage -->
  <system-out>
    <![CDATA[---Execution Started---
verify testcase execution started
---Execution Started---
createContact testcase execution started
---Execution Started---
moveToCalenderPage testcase execution started
moveToContacts testcase execution started
createContact testcase execution started
moveToLeadspage testcase execution started
createContact testcase execution started
moveToOrganizatopnPage testcase execution started]]>
  </system-out>
</testsuite> <!-- testPackage.AttributesTest -->
